<?xml version="1.0" encoding="UTF-8"?>
<!-- Generated by org.testng.reporters.JUnitReportReporter -->
<testsuite skipped="0" hostname="mickaeel" name="testcases.TC_003" tests="1" failures="0" timestamp="29 Jul 2017 15:11:05 GMT" time="4.186" errors="0">
  <testcase name="testcase1" time="4.186" classname="testcases.TC_003"/>
</testsuite> <!-- testcases.TC_003 -->
